Internal ctest changing into directory: C:/Temp/misis2023f-23-check/misis2024s-23-03-fediunin-e-a/build.check
Test project C:/Temp/misis2023f-23-check/misis2024s-23-03-fediunin-e-a/build.check
      Start  1: doctest_bitset
Could not find executable C:/Temp/misis2023f-23-check/misis2024s-23-03-fediunin-e-a/bin.check/doctest_bitset.exe
Looked in the following places:
C:/Temp/misis2023f-23-check/misis2024s-23-03-fediunin-e-a/bin.check/doctest_bitset.exe
C:/Temp/misis2023f-23-check/misis2024s-23-03-fediunin-e-a/bin.check/doctest_bitset.exe.exe
C:/Temp/misis2023f-23-check/misis2024s-23-03-fediunin-e-a/bin.check/Release/doctest_bitset.exe
C:/Temp/misis2023f-23-check/misis2024s-23-03-fediunin-e-a/bin.check/Release/doctest_bitset.exe.exe
Release/C:/Temp/misis2023f-23-check/misis2024s-23-03-fediunin-e-a/bin.check/doctest_bitset.exe
Release/C:/Temp/misis2023f-23-check/misis2024s-23-03-fediunin-e-a/bin.check/doctest_bitset.exe.exe
 1/20 Test  #1: doctest_bitset ...................***Not Run   0.00 sec
      Start  2: doctest_bitset_m
      Start  3: doctest_complex
      Start  4: doctest_complex_io
      Start  5: doctest_complex_m
      Start  6: doctest_rational
      Start  7: doctest_rational_io
      Start  8: doctest_rational_m
      Start  9: doctest_dynarr
      Start 10: doctest_dynarr_m
      Start 11: doctest_queuearr
      Start 12: doctest_queuearr_m
      Start 13: doctest_queuelst
      Start 14: doctest_queuelst_m
      Start 15: doctest_queuelstpr
      Start 16: doctest_queuelstpr_m
 2/20 Test  #2: doctest_bitset_m .................   Passed    0.54 sec
      Start 17: doctest_stackarr
 3/20 Test  #3: doctest_complex ..................***Failed    0.54 sec
      Start 18: doctest_stackarr_m
 4/20 Test  #4: doctest_complex_io ...............   Passed    0.55 sec
      Start 19: doctest_stacklst
 5/20 Test  #5: doctest_complex_m ................   Passed    0.54 sec
      Start 20: doctest_stacklst_m
 6/20 Test  #6: doctest_rational .................   Passed    0.55 sec
 7/20 Test  #7: doctest_rational_io ..............   Passed    0.51 sec
 8/20 Test  #8: doctest_rational_m ...............   Passed    0.48 sec
 9/20 Test  #9: doctest_dynarr ...................   Passed    0.44 sec
10/20 Test #10: doctest_dynarr_m .................   Passed    0.41 sec
11/20 Test #11: doctest_queuearr .................   Passed    0.37 sec
12/20 Test #12: doctest_queuearr_m ...............   Passed    0.34 sec
13/20 Test #13: doctest_queuelst .................***Failed    0.30 sec
14/20 Test #14: doctest_queuelst_m ...............***Failed    0.26 sec
15/20 Test #15: doctest_queuelstpr ...............***Failed    0.23 sec
16/20 Test #16: doctest_queuelstpr_m .............   Passed    0.19 sec
17/20 Test #17: doctest_stackarr .................   Passed    0.15 sec
18/20 Test #18: doctest_stackarr_m ...............   Passed    0.12 sec
19/20 Test #19: doctest_stacklst .................***Failed    0.08 sec
20/20 Test #20: doctest_stacklst_m ...............   Passed    0.06 sec

70% tests passed, 6 tests failed out of 20

Total Test time (real) =   0.81 sec

The following tests FAILED:
	  1 - doctest_bitset (Not Run)
	  3 - doctest_complex (Failed)
	 13 - doctest_queuelst (Failed)
	 14 - doctest_queuelst_m (Failed)
	 15 - doctest_queuelstpr (Failed)
	 19 - doctest_stacklst (Failed)
